{"numTotalTestSuites":11,"numPassedTestSuites":11,"numFailedTestSuites":0,"numPendingTestSuites":0,"numTotalTests":32,"numPassedTests":23,"numFailedTests":9,"numPendingTests":0,"numTodoTests":0,"startTime":1762438969075,"success":false,"testResults":[{"assertionResults":[{"ancestorTitles":["","ImportStatusIndicator","Component Rendering"],"fullName":" ImportStatusIndicator Component Rendering renders the component","status":"passed","title":"renders the component","duration":25,"failureMessages":[]},{"ancestorTitles":["","ImportStatusIndicator","Component Rendering"],"fullName":" ImportStatusIndicator Component Rendering shows loading state initially","status":"passed","title":"shows loading state initially","duration":2,"failureMessages":[]},{"ancestorTitles":["","ImportStatusIndicator","Status Display"],"fullName":" ImportStatusIndicator Status Display shows completed status with green badge","status":"failed","title":"shows completed status with green badge","duration":11,"failureMessages":["expected [ 'w-2', 'h-2', 'rounded-full', …(1) ] to include 'bg-green-500'"],"location":{"line":117,"column":37}},{"ancestorTitles":["","ImportStatusIndicator","Status Display"],"fullName":" ImportStatusIndicator Status Display shows in-progress status with blue badge","status":"passed","title":"shows in-progress status with blue badge","duration":5,"failureMessages":[]},{"ancestorTitles":["","ImportStatusIndicator","Status Display"],"fullName":" ImportStatusIndicator Status Display shows failed status with red badge","status":"passed","title":"shows failed status with red badge","duration":4,"failureMessages":[]},{"ancestorTitles":["","ImportStatusIndicator","Status Display"],"fullName":" ImportStatusIndicator Status Display shows pending status with yellow badge","status":"passed","title":"shows pending status with yellow badge","duration":2,"failureMessages":[]},{"ancestorTitles":["","ImportStatusIndicator","Status Display"],"fullName":" ImportStatusIndicator Status Display shows loading indicator during sync","status":"failed","title":"shows loading indicator during sync","duration":5,"failureMessages":["expected false to be true // Object.is equality"],"location":{"line":175,"column":54}},{"ancestorTitles":["","ImportStatusIndicator","Manual Sync Functionality"],"fullName":" ImportStatusIndicator Manual Sync Functionality triggers manual sync when sync button is clicked","status":"failed","title":"triggers manual sync when sync button is clicked","duration":3,"failureMessages":["expected \"spy\" to be called with arguments: [ Array(2) ]\u001b[90m\n\nReceived: \n\n\u001b[39m\u001b[90m\n\nNumber of calls: \u001b[1m0\u001b[22m\n\u001b[39m"],"location":{"line":194,"column":49}},{"ancestorTitles":["","ImportStatusIndicator","Manual Sync Functionality"],"fullName":" ImportStatusIndicator Manual Sync Functionality disables sync button during sync operation","status":"passed","title":"disables sync button during sync operation","duration":3,"failureMessages":[]},{"ancestorTitles":["","ImportStatusIndicator","Manual Sync Functionality"],"fullName":" ImportStatusIndicator Manual Sync Functionality shows success notification after successful sync","status":"failed","title":"shows success notification after successful sync","duration":3007,"failureMessages":["expected \"spy\" to be called with arguments: [ 'Import started successfully' ]\u001b[90m\n\nReceived: \n\n\u001b[39m\u001b[90m\n\nNumber of calls: \u001b[1m0\u001b[22m\n\u001b[39m"],"location":{"line":219,"column":50}},{"ancestorTitles":["","ImportStatusIndicator","Manual Sync Functionality"],"fullName":" ImportStatusIndicator Manual Sync Functionality emits sync-completed event after successful sync","status":"passed","title":"emits sync-completed event after successful sync","duration":3007,"failureMessages":[]},{"ancestorTitles":["","ImportStatusIndicator","Manual Sync Functionality"],"fullName":" ImportStatusIndicator Manual Sync Functionality handles sync errors gracefully","status":"failed","title":"handles sync errors gracefully","duration":6,"failureMessages":["expected \"spy\" to be called with arguments: [ 'Import failed. Please try again.' ]\u001b[90m\n\nReceived: \n\n\u001b[39m\u001b[90m\n\nNumber of calls: \u001b[1m0\u001b[22m\n\u001b[39m"],"location":{"line":245,"column":48}},{"ancestorTitles":["","ImportStatusIndicator","Manual Sync Functionality"],"fullName":" ImportStatusIndicator Manual Sync Functionality shows retry button after sync failure","status":"passed","title":"shows retry button after sync failure","duration":4,"failureMessages":[]},{"ancestorTitles":["","ImportStatusIndicator","Error Handling and Display"],"fullName":" ImportStatusIndicator Error Handling and Display displays error message when provided","status":"passed","title":"displays error message when provided","duration":4,"failureMessages":[]},{"ancestorTitles":["","ImportStatusIndicator","Error Handling and Display"],"fullName":" ImportStatusIndicator Error Handling and Display shows error details toggle","status":"failed","title":"shows error details toggle","duration":4,"failureMessages":["wrapper.find(...).filter is not a function"],"location":{"line":290,"column":50}},{"ancestorTitles":["","ImportStatusIndicator","Error Handling and Display"],"fullName":" ImportStatusIndicator Error Handling and Display toggles error details visibility","status":"failed","title":"toggles error details visibility","duration":4,"failureMessages":["wrapper.find(...).filter is not a function"],"location":{"line":304,"column":50}},{"ancestorTitles":["","ImportStatusIndicator","Error Handling and Display"],"fullName":" ImportStatusIndicator Error Handling and Display handles API rate limit errors specifically","status":"failed","title":"handles API rate limit errors specifically","duration":4,"failureMessages":["expected \"spy\" to be called at least once"],"location":{"line":321,"column":48}},{"ancestorTitles":["","ImportStatusIndicator","Error Handling and Display"],"fullName":" ImportStatusIndicator Error Handling and Display shows countdown timer for rate limit errors","status":"passed","title":"shows countdown timer for rate limit errors","duration":4,"failureMessages":[]},{"ancestorTitles":["","ImportStatusIndicator","Real-time Updates"],"fullName":" ImportStatusIndicator Real-time Updates polls for status updates during import","status":"passed","title":"polls for status updates during import","duration":3,"failureMessages":[]},{"ancestorTitles":["","ImportStatusIndicator","Real-time Updates"],"fullName":" ImportStatusIndicator Real-time Updates stops polling when import completes","status":"passed","title":"stops polling when import completes","duration":4,"failureMessages":[]},{"ancestorTitles":["","ImportStatusIndicator","Real-time Updates"],"fullName":" ImportStatusIndicator Real-time Updates updates status in real-time","status":"passed","title":"updates status in real-time","duration":3,"failureMessages":[]},{"ancestorTitles":["","ImportStatusIndicator","Progress Indication"],"fullName":" ImportStatusIndicator Progress Indication shows progress bar during import","status":"passed","title":"shows progress bar during import","duration":3,"failureMessages":[]},{"ancestorTitles":["","ImportStatusIndicator","Progress Indication"],"fullName":" ImportStatusIndicator Progress Indication shows estimated time remaining","status":"passed","title":"shows estimated time remaining","duration":4,"failureMessages":[]},{"ancestorTitles":["","ImportStatusIndicator","Progress Indication"],"fullName":" ImportStatusIndicator Progress Indication shows current operation status","status":"passed","title":"shows current operation status","duration":2,"failureMessages":[]},{"ancestorTitles":["","ImportStatusIndicator","Accessibility"],"fullName":" ImportStatusIndicator Accessibility has proper ARIA labels","status":"passed","title":"has proper ARIA labels","duration":2,"failureMessages":[]},{"ancestorTitles":["","ImportStatusIndicator","Accessibility"],"fullName":" ImportStatusIndicator Accessibility announces status changes to screen readers","status":"passed","title":"announces status changes to screen readers","duration":2,"failureMessages":[]},{"ancestorTitles":["","ImportStatusIndicator","Accessibility"],"fullName":" ImportStatusIndicator Accessibility provides keyboard navigation support","status":"failed","title":"provides keyboard navigation support","duration":2,"failureMessages":["expected \"spy\" to be called at least once"],"location":{"line":458,"column":49}},{"ancestorTitles":["","ImportStatusIndicator","Date and Time Formatting"],"fullName":" ImportStatusIndicator Date and Time Formatting formats recent timestamps correctly","status":"passed","title":"formats recent timestamps correctly","duration":2,"failureMessages":[]},{"ancestorTitles":["","ImportStatusIndicator","Date and Time Formatting"],"fullName":" ImportStatusIndicator Date and Time Formatting formats old timestamps correctly","status":"passed","title":"formats old timestamps correctly","duration":1,"failureMessages":[]},{"ancestorTitles":["","ImportStatusIndicator","Date and Time Formatting"],"fullName":" ImportStatusIndicator Date and Time Formatting shows next scheduled import time","status":"passed","title":"shows next scheduled import time","duration":2,"failureMessages":[]},{"ancestorTitles":["","ImportStatusIndicator","Component Lifecycle"],"fullName":" ImportStatusIndicator Component Lifecycle cleans up polling on unmount","status":"passed","title":"cleans up polling on unmount","duration":5,"failureMessages":[]},{"ancestorTitles":["","ImportStatusIndicator","Component Lifecycle"],"fullName":" ImportStatusIndicator Component Lifecycle updates polling when status prop changes","status":"passed","title":"updates polling when status prop changes","duration":2,"failureMessages":[]}],"startTime":1762438969949,"endTime":1762438976090,"status":"failed","message":"","name":"/Users/ronnystosser/learning_ai/frontend/src/test/components/ImportStatusIndicator.test.ts"}]}